e:\eventlab\oculus\oculussdk\libovrkernel\obj\libovrkernel\windows\win32\debug\vs2013\ovr_atomic.obj
e:\eventlab\oculus\oculussdk\libovrkernel\obj\libovrkernel\windows\win32\debug\vs2013\ovr_log.obj
e:\eventlab\oculus\oculussdk\libovrkernel\obj\libovrkernel\windows\win32\debug\vs2013\ovr_threadcommandqueue.obj
e:\eventlab\oculus\oculussdk\libovrkernel\obj\libovrkernel\windows\win32\debug\vs2013\etwframeutils.obj
e:\eventlab\oculus\oculussdk\libovrkernel\obj\libovrkernel\windows\win32\debug\vs2013\ovr_file.obj
e:\eventlab\oculus\oculussdk\libovrkernel\obj\libovrkernel\windows\win32\debug\vs2013\ovr_rand.obj
e:\eventlab\oculus\oculussdk\libovrkernel\obj\libovrkernel\windows\win32\debug\vs2013\ovr_refcount.obj
e:\eventlab\oculus\oculussdk\libovrkernel\obj\libovrkernel\windows\win32\debug\vs2013\ovr_utf8util.obj
e:\eventlab\oculus\oculussdk\libovrkernel\obj\libovrkernel\windows\win32\debug\vs2013\etwframelistener.obj
e:\eventlab\oculus\oculussdk\libovrkernel\obj\libovrkernel\windows\win32\debug\vs2013\ovr_crc32.obj
e:\eventlab\oculus\oculussdk\libovrkernel\obj\libovrkernel\windows\win32\debug\vs2013\ovr_json.obj
e:\eventlab\oculus\oculussdk\libovrkernel\obj\libovrkernel\windows\win32\debug\vs2013\ovr_string_pathutil.obj
e:\eventlab\oculus\oculussdk\libovrkernel\obj\libovrkernel\windows\win32\debug\vs2013\ovr_timer.obj
e:\eventlab\oculus\oculussdk\libovrkernel\obj\libovrkernel\windows\win32\debug\vs2013\util_longpollthread.obj
e:\eventlab\oculus\oculussdk\libovrkernel\obj\libovrkernel\windows\win32\debug\vs2013\ovr_allocator.obj
e:\eventlab\oculus\oculussdk\libovrkernel\obj\libovrkernel\windows\win32\debug\vs2013\ovr_sysfile.obj
e:\eventlab\oculus\oculussdk\libovrkernel\obj\libovrkernel\windows\win32\debug\vs2013\util_direct3d.obj
e:\eventlab\oculus\oculussdk\libovrkernel\obj\libovrkernel\windows\win32\debug\vs2013\capi_gle.obj
e:\eventlab\oculus\oculussdk\libovrkernel\obj\libovrkernel\windows\win32\debug\vs2013\ovr_std.obj
e:\eventlab\oculus\oculussdk\libovrkernel\obj\libovrkernel\windows\win32\debug\vs2013\ovr_string_formatutil.obj
e:\eventlab\oculus\oculussdk\libovrkernel\obj\libovrkernel\windows\win32\debug\vs2013\util_d3d11_blitter.obj
e:\eventlab\oculus\oculussdk\libovrkernel\obj\libovrkernel\windows\win32\debug\vs2013\util_systeminfo.obj
e:\eventlab\oculus\oculussdk\libovrkernel\obj\libovrkernel\windows\win32\debug\vs2013\ovr_debughelp.obj
e:\eventlab\oculus\oculussdk\libovrkernel\obj\libovrkernel\windows\win32\debug\vs2013\ovr_system.obj
e:\eventlab\oculus\oculussdk\libovrkernel\obj\libovrkernel\windows\win32\debug\vs2013\util_gl_blitter.obj
e:\eventlab\oculus\oculussdk\libovrkernel\obj\libovrkernel\windows\win32\debug\vs2013\util_imagewindow.obj
e:\eventlab\oculus\oculussdk\libovrkernel\obj\libovrkernel\windows\win32\debug\vs2013\ovr_callbacks.obj
e:\eventlab\oculus\oculussdk\libovrkernel\obj\libovrkernel\windows\win32\debug\vs2013\ovr_sharedmemory.obj
e:\eventlab\oculus\oculussdk\libovrkernel\obj\libovrkernel\windows\win32\debug\vs2013\etwframeeventdata.obj
e:\eventlab\oculus\oculussdk\libovrkernel\obj\libovrkernel\windows\win32\debug\vs2013\util_watchdog.obj
e:\eventlab\oculus\oculussdk\libovrkernel\obj\libovrkernel\windows\win32\debug\vs2013\ovr_alg.obj
e:\eventlab\oculus\oculussdk\libovrkernel\obj\libovrkernel\windows\win32\debug\vs2013\ovr_filefile.obj
e:\eventlab\oculus\oculussdk\libovrkernel\obj\libovrkernel\windows\win32\debug\vs2013\ovr_string.obj
e:\eventlab\oculus\oculussdk\libovrkernel\obj\libovrkernel\windows\win32\debug\vs2013\ovr_threadspthread.obj
e:\eventlab\oculus\oculussdk\libovrkernel\obj\libovrkernel\windows\win32\debug\vs2013\ovr_threadswinapi.obj
e:\eventlab\oculus\oculussdk\libovrkernel\obj\libovrkernel\windows\win32\debug\vs2013\util_systemgui.obj
e:\eventlab\oculus\oculussdk\libovrkernel\obj\libovrkernel\windows\win32\debug\vs2013\ovr_mach_exc_osx.obj
e:\eventlab\oculus\oculussdk\libovrkernel\src\util\shaders\blt_ps.h
e:\eventlab\oculus\oculussdk\libovrkernel\src\util\shaders\blt_vs.h
e:\eventlab\oculus\oculussdk\libovrkernel\lib\windows\win32\debug\vs2013\libovrkernel.lib
e:\eventlab\oculus\oculussdk\libovrkernel\projects\windows\vs2013\../../../lib/windows/win32/debug/vs2013/libovrkernel.lib
e:\eventlab\oculus\oculussdk\libovrkernel\obj\libovrkernel\windows\win32\debug\vs2013\libovrkernel.tlog\cl.command.1.tlog
e:\eventlab\oculus\oculussdk\libovrkernel\obj\libovrkernel\windows\win32\debug\vs2013\libovrkernel.tlog\cl.read.1.tlog
e:\eventlab\oculus\oculussdk\libovrkernel\obj\libovrkernel\windows\win32\debug\vs2013\libovrkernel.tlog\cl.write.1.tlog
e:\eventlab\oculus\oculussdk\libovrkernel\obj\libovrkernel\windows\win32\debug\vs2013\libovrkernel.tlog\fxc.command.1.tlog
e:\eventlab\oculus\oculussdk\libovrkernel\obj\libovrkernel\windows\win32\debug\vs2013\libovrkernel.tlog\fxc.read.1.tlog
e:\eventlab\oculus\oculussdk\libovrkernel\obj\libovrkernel\windows\win32\debug\vs2013\libovrkernel.tlog\fxc.write.1.tlog
e:\eventlab\oculus\oculussdk\libovrkernel\obj\libovrkernel\windows\win32\debug\vs2013\libovrkernel.tlog\lib-link.read.1.tlog
e:\eventlab\oculus\oculussdk\libovrkernel\obj\libovrkernel\windows\win32\debug\vs2013\libovrkernel.tlog\lib-link.write.1.tlog
e:\eventlab\oculus\oculussdk\libovrkernel\obj\libovrkernel\windows\win32\debug\vs2013\libovrkernel.tlog\lib.command.1.tlog
e:\eventlab\oculus\oculussdk\libovrkernel\obj\libovrkernel\windows\win32\debug\vs2013\libovrkernel.tlog\libovrkernel.write.1u.tlog
