Build started 13/10/2015 17:05:28.
     1>Project "E:\EventLab\Oculus\OculusSDK\LibOVRKernel\Projects\Windows\VS2013\LibOVRKernel.vcxproj" on node 2 (Build target(s)).
     1>FxCompile:
         C:\Program Files (x86)\Windows Kits\8.1\bin\x86\fxc.exe /nologo /E"main" /T ps_4_0 /Fh "..\..\..\Src\Util\Shaders\Blt_ps.h" /Vn "Blt_ps" /Od /Zi ..\..\..\Src\Util\Shaders\Blt_ps.hlsl 
         compilation header save succeeded; see E:\EventLab\Oculus\OculusSDK\LibOVRKernel\Src\Util\Shaders\Blt_ps.h
         C:\Program Files (x86)\Windows Kits\8.1\bin\x86\fxc.exe /nologo /E"main" /T vs_4_0 /Fh "..\..\..\Src\Util\Shaders\Blt_vs.h" /Vn "Blt_vs" /Od /Zi ..\..\..\Src\Util\Shaders\Blt_vs.hlsl 
         compilation header save succeeded; see E:\EventLab\Oculus\OculusSDK\LibOVRKernel\Src\Util\Shaders\Blt_vs.h
       ClCompile:
         C:\Program Files (x86)\Microsoft Visual Studio 12.0\VC\bin\CL.exe /c /IE:\EventLab\Oculus\OculusSDK\LibOVRKernel\Projects\Windows\VS2013\../../../../LibOVRKernel/Src/ /Z7 /nologo /W4 /WX /MP /Od /Oy- /D WIN32 /D _DEBUG /D _LIB /D _MBCS /Gm- /EHs /RTC1 /MTd /GS /Gy /fp:precise /Zc:wchar_t /Zc:forScope /GR- /Fo"E:\EventLab\Oculus\OculusSDK\LibOVRKernel\Projects\Windows\VS2013\../../../Obj/LibOVRKernel/Windows/Win32/Debug/VS2013/" /Fd"E:\EventLab\Oculus\OculusSDK\LibOVRKernel\Projects\Windows\VS2013\../../../Obj/LibOVRKernel/Windows/Win32/Debug/VS2013/vc120.pdb" /Gd /TP /analyze- /Zl /errorReport:prompt /d2Zi+ /we4263 /we4264 /we4265 /we4266 ..\..\..\Src\GL\CAPI_GLE.cpp ..\..\..\Src\Kernel\OVR_Alg.cpp ..\..\..\Src\Kernel\OVR_Allocator.cpp ..\..\..\Src\Kernel\OVR_Atomic.cpp ..\..\..\Src\Kernel\OVR_CRC32.cpp ..\..\..\Src\Kernel\OVR_Callbacks.cpp ..\..\..\Src\Kernel\OVR_DebugHelp.cpp ..\..\..\Src\Kernel\OVR_File.cpp ..\..\..\Src\Kernel\OVR_FileFILE.cpp ..\..\..\Src\Kernel\OVR_JSON.cpp ..\..\..\Src\Kernel\OVR_Log.cpp ..\..\..\Src\Kernel\OVR_Rand.cpp ..\..\..\Src\Kernel\OVR_RefCount.cpp ..\..\..\Src\Kernel\OVR_SharedMemory.cpp ..\..\..\Src\Kernel\OVR_Std.cpp ..\..\..\Src\Kernel\OVR_String.cpp ..\..\..\Src\Kernel\OVR_String_FormatUtil.cpp ..\..\..\Src\Kernel\OVR_String_PathUtil.cpp ..\..\..\Src\Kernel\OVR_SysFile.cpp ..\..\..\Src\Kernel\OVR_System.cpp ..\..\..\Src\Kernel\OVR_ThreadCommandQueue.cpp ..\..\..\Src\Kernel\OVR_ThreadsPthread.cpp ..\..\..\Src\Kernel\OVR_ThreadsWinAPI.cpp ..\..\..\Src\Kernel\OVR_Timer.cpp ..\..\..\Src\Kernel\OVR_UTF8Util.cpp ..\..\..\Src\Tracing\EtwFrameEventData.cpp ..\..\..\Src\Tracing\EtwFrameListener.cpp ..\..\..\Src\Tracing\EtwFrameUtils.cpp ..\..\..\Src\Util\Util_D3D11_Blitter.cpp ..\..\..\Src\Util\Util_Direct3D.cpp ..\..\..\Src\Util\Util_GL_Blitter.cpp ..\..\..\Src\Util\Util_ImageWindow.cpp ..\..\..\Src\Util\Util_LongPollThread.cpp ..\..\..\Src\Util\Util_SystemGUI.cpp ..\..\..\Src\Util\Util_SystemInfo.cpp ..\..\..\Src\Util\Util_Watchdog.cpp
         CAPI_GLE.cpp
         OVR_Alg.cpp
         OVR_Allocator.cpp
         OVR_Atomic.cpp
         OVR_CRC32.cpp
         OVR_Callbacks.cpp
         OVR_DebugHelp.cpp
         OVR_File.cpp
         OVR_FileFILE.cpp
         OVR_JSON.cpp
         OVR_Log.cpp
         OVR_Rand.cpp
         OVR_RefCount.cpp
         OVR_SharedMemory.cpp
         OVR_Std.cpp
         OVR_String.cpp
         OVR_String_FormatUtil.cpp
         OVR_String_PathUtil.cpp
         OVR_SysFile.cpp
         OVR_System.cpp
         OVR_ThreadCommandQueue.cpp
         OVR_ThreadsPthread.cpp
         OVR_ThreadsWinAPI.cpp
         OVR_Timer.cpp
         OVR_UTF8Util.cpp
         EtwFrameEventData.cpp
         EtwFrameListener.cpp
         EtwFrameUtils.cpp
         Util_D3D11_Blitter.cpp
         Util_Direct3D.cpp
         Util_GL_Blitter.cpp
         Util_ImageWindow.cpp
         Util_LongPollThread.cpp
         Util_SystemGUI.cpp
         Util_SystemInfo.cpp
         Util_Watchdog.cpp
         C:\Program Files (x86)\Microsoft Visual Studio 12.0\VC\bin\CL.exe /c /IE:\EventLab\Oculus\OculusSDK\LibOVRKernel\Projects\Windows\VS2013\../../../../LibOVRKernel/Src/ /Z7 /nologo /W4 /WX /MP /Od /Oy- /D WIN32 /D _DEBUG /D _LIB /D _MBCS /Gm- /EHs /RTC1 /MTd /GS /Gy /fp:precise /Zc:wchar_t /Zc:forScope /GR- /Fo"E:\EventLab\Oculus\OculusSDK\LibOVRKernel\Projects\Windows\VS2013\../../../Obj/LibOVRKernel/Windows/Win32/Debug/VS2013/" /Fd"E:\EventLab\Oculus\OculusSDK\LibOVRKernel\Projects\Windows\VS2013\../../../Obj/LibOVRKernel/Windows/Win32/Debug/VS2013/vc120.pdb" /Gd /TC /analyze- /Zl /errorReport:prompt /d2Zi+ /we4263 /we4264 /we4265 /we4266 ..\..\..\Src\Kernel\OVR_mach_exc_OSX.c
         OVR_mach_exc_OSX.c
       Lib:
         C:\Program Files (x86)\Microsoft Visual Studio 12.0\VC\bin\Lib.exe /OUT:"E:\EventLab\Oculus\OculusSDK\LibOVRKernel\Projects\Windows\VS2013\../../../Lib/Windows/Win32/Debug/VS2013/LibOVRKernel.lib" /NOLOGO E:\EventLab\Oculus\OculusSDK\LibOVRKernel\Projects\Windows\VS2013\../../../Obj/LibOVRKernel/Windows/Win32/Debug/VS2013/CAPI_GLE.obj
         E:\EventLab\Oculus\OculusSDK\LibOVRKernel\Projects\Windows\VS2013\../../../Obj/LibOVRKernel/Windows/Win32/Debug/VS2013/OVR_Alg.obj
         E:\EventLab\Oculus\OculusSDK\LibOVRKernel\Projects\Windows\VS2013\../../../Obj/LibOVRKernel/Windows/Win32/Debug/VS2013/OVR_Allocator.obj
         E:\EventLab\Oculus\OculusSDK\LibOVRKernel\Projects\Windows\VS2013\../../../Obj/LibOVRKernel/Windows/Win32/Debug/VS2013/OVR_Atomic.obj
         E:\EventLab\Oculus\OculusSDK\LibOVRKernel\Projects\Windows\VS2013\../../../Obj/LibOVRKernel/Windows/Win32/Debug/VS2013/OVR_Callbacks.obj
         E:\EventLab\Oculus\OculusSDK\LibOVRKernel\Projects\Windows\VS2013\../../../Obj/LibOVRKernel/Windows/Win32/Debug/VS2013/OVR_CRC32.obj
         E:\EventLab\Oculus\OculusSDK\LibOVRKernel\Projects\Windows\VS2013\../../../Obj/LibOVRKernel/Windows/Win32/Debug/VS2013/OVR_DebugHelp.obj
         E:\EventLab\Oculus\OculusSDK\LibOVRKernel\Projects\Windows\VS2013\../../../Obj/LibOVRKernel/Windows/Win32/Debug/VS2013/OVR_File.obj
         E:\EventLab\Oculus\OculusSDK\LibOVRKernel\Projects\Windows\VS2013\../../../Obj/LibOVRKernel/Windows/Win32/Debug/VS2013/OVR_FileFILE.obj
         E:\EventLab\Oculus\OculusSDK\LibOVRKernel\Projects\Windows\VS2013\../../../Obj/LibOVRKernel/Windows/Win32/Debug/VS2013/OVR_JSON.obj
         E:\EventLab\Oculus\OculusSDK\LibOVRKernel\Projects\Windows\VS2013\../../../Obj/LibOVRKernel/Windows/Win32/Debug/VS2013/OVR_Log.obj
         E:\EventLab\Oculus\OculusSDK\LibOVRKernel\Projects\Windows\VS2013\../../../Obj/LibOVRKernel/Windows/Win32/Debug/VS2013/OVR_mach_exc_OSX.obj
         E:\EventLab\Oculus\OculusSDK\LibOVRKernel\Projects\Windows\VS2013\../../../Obj/LibOVRKernel/Windows/Win32/Debug/VS2013/OVR_Rand.obj
         E:\EventLab\Oculus\OculusSDK\LibOVRKernel\Projects\Windows\VS2013\../../../Obj/LibOVRKernel/Windows/Win32/Debug/VS2013/OVR_RefCount.obj
         E:\EventLab\Oculus\OculusSDK\LibOVRKernel\Projects\Windows\VS2013\../../../Obj/LibOVRKernel/Windows/Win32/Debug/VS2013/OVR_SharedMemory.obj
         E:\EventLab\Oculus\OculusSDK\LibOVRKernel\Projects\Windows\VS2013\../../../Obj/LibOVRKernel/Windows/Win32/Debug/VS2013/OVR_Std.obj
         E:\EventLab\Oculus\OculusSDK\LibOVRKernel\Projects\Windows\VS2013\../../../Obj/LibOVRKernel/Windows/Win32/Debug/VS2013/OVR_String.obj
         E:\EventLab\Oculus\OculusSDK\LibOVRKernel\Projects\Windows\VS2013\../../../Obj/LibOVRKernel/Windows/Win32/Debug/VS2013/OVR_String_FormatUtil.obj
         E:\EventLab\Oculus\OculusSDK\LibOVRKernel\Projects\Windows\VS2013\../../../Obj/LibOVRKernel/Windows/Win32/Debug/VS2013/OVR_String_PathUtil.obj
         E:\EventLab\Oculus\OculusSDK\LibOVRKernel\Projects\Windows\VS2013\../../../Obj/LibOVRKernel/Windows/Win32/Debug/VS2013/OVR_SysFile.obj
         E:\EventLab\Oculus\OculusSDK\LibOVRKernel\Projects\Windows\VS2013\../../../Obj/LibOVRKernel/Windows/Win32/Debug/VS2013/OVR_System.obj
         E:\EventLab\Oculus\OculusSDK\LibOVRKernel\Projects\Windows\VS2013\../../../Obj/LibOVRKernel/Windows/Win32/Debug/VS2013/OVR_ThreadCommandQueue.obj
         E:\EventLab\Oculus\OculusSDK\LibOVRKernel\Projects\Windows\VS2013\../../../Obj/LibOVRKernel/Windows/Win32/Debug/VS2013/OVR_ThreadsPthread.obj
         E:\EventLab\Oculus\OculusSDK\LibOVRKernel\Projects\Windows\VS2013\../../../Obj/LibOVRKernel/Windows/Win32/Debug/VS2013/OVR_ThreadsWinAPI.obj
         E:\EventLab\Oculus\OculusSDK\LibOVRKernel\Projects\Windows\VS2013\../../../Obj/LibOVRKernel/Windows/Win32/Debug/VS2013/OVR_Timer.obj
         E:\EventLab\Oculus\OculusSDK\LibOVRKernel\Projects\Windows\VS2013\../../../Obj/LibOVRKernel/Windows/Win32/Debug/VS2013/OVR_UTF8Util.obj
         E:\EventLab\Oculus\OculusSDK\LibOVRKernel\Projects\Windows\VS2013\../../../Obj/LibOVRKernel/Windows/Win32/Debug/VS2013/EtwFrameEventData.obj
         E:\EventLab\Oculus\OculusSDK\LibOVRKernel\Projects\Windows\VS2013\../../../Obj/LibOVRKernel/Windows/Win32/Debug/VS2013/EtwFrameListener.obj
         E:\EventLab\Oculus\OculusSDK\LibOVRKernel\Projects\Windows\VS2013\../../../Obj/LibOVRKernel/Windows/Win32/Debug/VS2013/EtwFrameUtils.obj
         E:\EventLab\Oculus\OculusSDK\LibOVRKernel\Projects\Windows\VS2013\../../../Obj/LibOVRKernel/Windows/Win32/Debug/VS2013/Util_D3D11_Blitter.obj
         E:\EventLab\Oculus\OculusSDK\LibOVRKernel\Projects\Windows\VS2013\../../../Obj/LibOVRKernel/Windows/Win32/Debug/VS2013/Util_Direct3D.obj
         E:\EventLab\Oculus\OculusSDK\LibOVRKernel\Projects\Windows\VS2013\../../../Obj/LibOVRKernel/Windows/Win32/Debug/VS2013/Util_GL_Blitter.obj
         E:\EventLab\Oculus\OculusSDK\LibOVRKernel\Projects\Windows\VS2013\../../../Obj/LibOVRKernel/Windows/Win32/Debug/VS2013/Util_ImageWindow.obj
         E:\EventLab\Oculus\OculusSDK\LibOVRKernel\Projects\Windows\VS2013\../../../Obj/LibOVRKernel/Windows/Win32/Debug/VS2013/Util_LongPollThread.obj
         E:\EventLab\Oculus\OculusSDK\LibOVRKernel\Projects\Windows\VS2013\../../../Obj/LibOVRKernel/Windows/Win32/Debug/VS2013/Util_SystemGUI.obj
         E:\EventLab\Oculus\OculusSDK\LibOVRKernel\Projects\Windows\VS2013\../../../Obj/LibOVRKernel/Windows/Win32/Debug/VS2013/Util_SystemInfo.obj
         E:\EventLab\Oculus\OculusSDK\LibOVRKernel\Projects\Windows\VS2013\../../../Obj/LibOVRKernel/Windows/Win32/Debug/VS2013/Util_Watchdog.obj
         LibOVRKernel.vcxproj -> E:\EventLab\Oculus\OculusSDK\LibOVRKernel\Projects\Windows\VS2013\../../../Lib/Windows/Win32/Debug/VS2013/LibOVRKernel.lib
     1>Done Building Project "E:\EventLab\Oculus\OculusSDK\LibOVRKernel\Projects\Windows\VS2013\LibOVRKernel.vcxproj" (Build target(s)).

Build succeeded.

Time Elapsed 00:00:09.06
