c:\users\llacuna\documents\visual studio 2013\projects\dynamiclibrary_oculusdk2_xvr\oculusdk2dll\debug\oculusdk2dll.pch
c:\users\llacuna\documents\visual studio 2013\projects\dynamiclibrary_oculusdk2_xvr\oculusdk2dll\debug\vc120.pdb
c:\users\llacuna\documents\visual studio 2013\projects\dynamiclibrary_oculusdk2_xvr\oculusdk2dll\debug\vc120.idb
c:\users\llacuna\documents\visual studio 2013\projects\dynamiclibrary_oculusdk2_xvr\oculusdk2dll\debug\stdafx.obj
c:\users\llacuna\documents\visual studio 2013\projects\dynamiclibrary_oculusdk2_xvr\oculusdk2dll\debug\dllmain.obj
c:\users\llacuna\documents\visual studio 2013\projects\dynamiclibrary_oculusdk2_xvr\oculusdk2dll\debug\oculusdk2dll.obj
c:\users\llacuna\documents\visual studio 2013\projects\dynamiclibrary_oculusdk2_xvr\debug\oculusdk2dll.ilk
c:\users\llacuna\documents\visual studio 2013\projects\dynamiclibrary_oculusdk2_xvr\debug\oculusdk2dll.dll
c:\users\llacuna\documents\visual studio 2013\projects\dynamiclibrary_oculusdk2_xvr\debug\oculusdk2dll.pdb
c:\users\llacuna\documents\visual studio 2013\projects\dynamiclibrary_oculusdk2_xvr\debug\oculusdk2dll.lib
c:\users\llacuna\documents\visual studio 2013\projects\dynamiclibrary_oculusdk2_xvr\debug\oculusdk2dll.exp
c:\users\llacuna\documents\visual studio 2013\projects\dynamiclibrary_oculusdk2_xvr\oculusdk2dll\debug\oculusdk2dll.res
c:\users\llacuna\documents\visual studio 2013\projects\dynamiclibrary_oculusdk2_xvr\oculusdk2dll\debug\oculusdk2dll.tlog\cl.command.1.tlog
c:\users\llacuna\documents\visual studio 2013\projects\dynamiclibrary_oculusdk2_xvr\oculusdk2dll\debug\oculusdk2dll.tlog\cl.read.1.tlog
c:\users\llacuna\documents\visual studio 2013\projects\dynamiclibrary_oculusdk2_xvr\oculusdk2dll\debug\oculusdk2dll.tlog\cl.write.1.tlog
c:\users\llacuna\documents\visual studio 2013\projects\dynamiclibrary_oculusdk2_xvr\oculusdk2dll\debug\oculusdk2dll.tlog\link.command.1.tlog
c:\users\llacuna\documents\visual studio 2013\projects\dynamiclibrary_oculusdk2_xvr\oculusdk2dll\debug\oculusdk2dll.tlog\link.read.1.tlog
c:\users\llacuna\documents\visual studio 2013\projects\dynamiclibrary_oculusdk2_xvr\oculusdk2dll\debug\oculusdk2dll.tlog\link.write.1.tlog
c:\users\llacuna\documents\visual studio 2013\projects\dynamiclibrary_oculusdk2_xvr\oculusdk2dll\debug\oculusdk2dll.tlog\oculusdk2dll.write.1u.tlog
c:\users\llacuna\documents\visual studio 2013\projects\dynamiclibrary_oculusdk2_xvr\oculusdk2dll\debug\oculusdk2dll.tlog\rc.command.1.tlog
c:\users\llacuna\documents\visual studio 2013\projects\dynamiclibrary_oculusdk2_xvr\oculusdk2dll\debug\oculusdk2dll.tlog\rc.read.1.tlog
c:\users\llacuna\documents\visual studio 2013\projects\dynamiclibrary_oculusdk2_xvr\oculusdk2dll\debug\oculusdk2dll.tlog\rc.write.1.tlog
